<!DOCTYPE html PUBLIC "-//W3C//DTD XHTML 1.1//EN" "http://www.w3.org/TR/xhtml11/DTD/xhtml11.dtd">
<html xmlns="http://www.w3.org/1999/xhtml"><head><title>TestNG Report</title><style type="text/css">table {margin-bottom:10px;border-collapse:collapse;empty-cells:show}th,td {border:1px solid #009;padding:.25em .5em}th {vertical-align:bottom}td {vertical-align:top}table a {font-weight:bold}.stripe td {background-color: #E6EBF9}.num {text-align:right}.passedodd td {background-color: #3F3}.passedeven td {background-color: #0A0}.skippedodd td {background-color: #DDD}.skippedeven td {background-color: #CCC}.failedodd td,.attn {background-color: #F33}.failedeven td,.stripe .attn {background-color: #D00}.stacktrace {white-space:pre;font-family:monospace}.totop {font-size:85%;text-align:center;border-bottom:2px solid #000}</style></head><body><table><tr><th>Test</th><th># Passed</th><th># Skipped</th><th># Failed</th><th>Time (ms)</th><th>Included Groups</th><th>Excluded Groups</th></tr><tr><th colspan="7">Zado QA</th></tr><tr><td><a href="#t0">Test 1</a></td><td class="num">6</td><td class="num">0</td><td class="num attn">3</td><td class="num">160,117</td><td></td><td></td></tr></table><table><thead><tr><th>Class</th><th>Method</th><th>Start</th><th>Time (ms)</th></tr></thead><tbody><tr><th colspan="4">Zado QA</th></tr></tbody><tbody id="t0"><tr><th colspan="4">Test 1 &#8212; failed</th></tr><tr class="failedeven"><td rowspan="3">TestNGClass</td><td><a href="#m0">launchapp</a></td><td rowspan="3">1435847657789</td><td rowspan="3">30764</td></tr><tr class="failedeven"><td><a href="#m1">launchapp</a></td></tr><tr class="failedeven"><td><a href="#m2">launchapp</a></td></tr><tr><th colspan="4">Test 1 &#8212; passed</th></tr><tr class="passedeven"><td rowspan="6">TestNGClass</td><td><a href="#m3">launchapp</a></td><td rowspan="6">1435847600474</td><td rowspan="6">15590</td></tr><tr class="passedeven"><td><a href="#m4">launchapp</a></td></tr><tr class="passedeven"><td><a href="#m5">launchapp</a></td></tr><tr class="passedeven"><td><a href="#m6">launchapp</a></td></tr><tr class="passedeven"><td><a href="#m7">launchapp</a></td></tr><tr class="passedeven"><td><a href="#m8">launchapp</a></td></tr></tbody></table><h2>Test 1</h2><h3 id="m0">TestNGClass#launchapp</h3><table class="result"><tr class="param"><th>Parameter #1</th></tr><tr class="param stripe"><td>TC_001</td></tr><tr><th>Messages</th></tr><tr><td><div class="messages">STEP20<br/>STEP21<br/>STEP22<br/>STEP23<br/>STEP24<br/>STEP25<br/>STEP26<br/>STEP27<br/>STEP28</div></td></tr><tr><th>Exception</th></tr><tr><td><div class="stacktrace">org.openqa.selenium.NoSuchElementException: no such element
  (Session info: chrome=43.0.2357.130)
  (Driver info: chromedriver=2.14.313457 (3d645c400edf2e2c500566c9aa096063e707c9cf),platform=Windows NT 6.1 SP1 x86_64) (WARNING: The server did not provide any stacktrace information)
Command duration or timeout: 10.06 seconds
For documentation on this error, please visit: http://seleniumhq.org/exceptions/no_such_element.html
Build info: version: &apos;2.45.0&apos;, revision: &apos;5017cb8e7ca8e37638dc3091b2440b90a1d8686f&apos;, time: &apos;2015-02-27 09:10:26&apos;
System info: host: &apos;BaPs-PC&apos;, ip: &apos;192.168.1.10&apos;, os.name: &apos;Windows 7&apos;, os.arch: &apos;amd64&apos;, os.version: &apos;6.1&apos;, java.version: &apos;1.8.0_45&apos;
Driver info: org.openqa.selenium.chrome.ChromeDriver
Capabilities [{applicationCacheEnabled=false, rotatable=false, mobileEmulationEnabled=false, chrome={userDataDir=C:\Users\BaPs\AppData\Local\Temp\scoped_dir7796_29867}, takesHeapSnapshot=true, databaseEnabled=false, handlesAlerts=true, version=43.0.2357.130, platform=XP, browserConnectionEnabled=false, nativeEvents=true, acceptSslCerts=true, locationContextEnabled=true, webStorageEnabled=true, browserName=chrome, takesScreenshot=true, javascriptEnabled=true, cssSelectorsEnabled=true}]
Session ID: a44d6f9264038e6fbdfe44842fa3bbb4
*** Element info: {Using=xpath, value=.//*[@id=&apos;content&apos;]/p[2]/span/font/b}
	at org.openqa.selenium.remote.ErrorHandler.createThrowable(ErrorHandler.java:204)
	at org.openqa.selenium.remote.ErrorHandler.throwIfResponseFailed(ErrorHandler.java:156)
	at org.openqa.selenium.remote.RemoteWebDriver.execute(RemoteWebDriver.java:599)
	at org.openqa.selenium.remote.RemoteWebDriver.findElement(RemoteWebDriver.java:352)
	at org.openqa.selenium.remote.RemoteWebDriver.findElementByXPath(RemoteWebDriver.java:449)
	at org.openqa.selenium.By$ByXPath.findElement(By.java:357)
	at org.openqa.selenium.remote.RemoteWebDriver.findElement(RemoteWebDriver.java:344)
	at com.babu.zadoqa.commands.LocatorBy.locateByXPath(LocatorBy.java:25)
	at com.babu.zadoqa.util.CommandUtils.findElement(CommandUtils.java:30)
	at com.babu.zadoqa.datadriver.TestCaseRunner.executeTestCase(TestCaseRunner.java:32)
	at TestNGClass.launchapp(TestNGClass.java:75)
	at ProgramTestNG.testRunner(ProgramTestNG.java:40)
	at ProgramTestNG.main(ProgramTestNG.java:49)
... Removed 25 stack frames</div></td></tr></table><p class="totop"><a href="#summary">back to summary</a></p><h3 id="m1">TestNGClass#launchapp</h3><table class="result"><tr class="param"><th>Parameter #1</th></tr><tr class="param stripe"><td>TC_001</td></tr><tr><th>Messages</th></tr><tr><td><div class="messages">STEP29<br/>STEP30<br/>STEP31<br/>STEP32<br/>STEP33<br/>STEP34<br/>STEP35<br/>STEP36<br/>STEP37</div></td></tr><tr><th>Exception</th></tr><tr><td><div class="stacktrace">org.openqa.selenium.NoSuchElementException: no such element
  (Session info: chrome=43.0.2357.130)
  (Driver info: chromedriver=2.14.313457 (3d645c400edf2e2c500566c9aa096063e707c9cf),platform=Windows NT 6.1 SP1 x86_64) (WARNING: The server did not provide any stacktrace information)
Command duration or timeout: 10.06 seconds
For documentation on this error, please visit: http://seleniumhq.org/exceptions/no_such_element.html
Build info: version: &apos;2.45.0&apos;, revision: &apos;5017cb8e7ca8e37638dc3091b2440b90a1d8686f&apos;, time: &apos;2015-02-27 09:10:26&apos;
System info: host: &apos;BaPs-PC&apos;, ip: &apos;192.168.1.10&apos;, os.name: &apos;Windows 7&apos;, os.arch: &apos;amd64&apos;, os.version: &apos;6.1&apos;, java.version: &apos;1.8.0_45&apos;
Driver info: org.openqa.selenium.chrome.ChromeDriver
Capabilities [{applicationCacheEnabled=false, rotatable=false, mobileEmulationEnabled=false, chrome={userDataDir=C:\Users\BaPs\AppData\Local\Temp\scoped_dir9732_29964}, takesHeapSnapshot=true, databaseEnabled=false, handlesAlerts=true, version=43.0.2357.130, platform=XP, browserConnectionEnabled=false, nativeEvents=true, acceptSslCerts=true, locationContextEnabled=true, webStorageEnabled=true, browserName=chrome, takesScreenshot=true, javascriptEnabled=true, cssSelectorsEnabled=true}]
Session ID: 4a326a15fb65925f0f28d549a9dc94f7
*** Element info: {Using=xpath, value=.//*[@id=&apos;content&apos;]/p[2]/span/font/b}
	at org.openqa.selenium.remote.ErrorHandler.createThrowable(ErrorHandler.java:204)
	at org.openqa.selenium.remote.ErrorHandler.throwIfResponseFailed(ErrorHandler.java:156)
	at org.openqa.selenium.remote.RemoteWebDriver.execute(RemoteWebDriver.java:599)
	at org.openqa.selenium.remote.RemoteWebDriver.findElement(RemoteWebDriver.java:352)
	at org.openqa.selenium.remote.RemoteWebDriver.findElementByXPath(RemoteWebDriver.java:449)
	at org.openqa.selenium.By$ByXPath.findElement(By.java:357)
	at org.openqa.selenium.remote.RemoteWebDriver.findElement(RemoteWebDriver.java:344)
	at com.babu.zadoqa.commands.LocatorBy.locateByXPath(LocatorBy.java:25)
	at com.babu.zadoqa.util.CommandUtils.findElement(CommandUtils.java:30)
	at com.babu.zadoqa.datadriver.TestCaseRunner.executeTestCase(TestCaseRunner.java:32)
	at TestNGClass.launchapp(TestNGClass.java:75)
	at ProgramTestNG.testRunner(ProgramTestNG.java:40)
	at ProgramTestNG.main(ProgramTestNG.java:49)
... Removed 25 stack frames</div></td></tr></table><p class="totop"><a href="#summary">back to summary</a></p><h3 id="m2">TestNGClass#launchapp</h3><table class="result"><tr class="param"><th>Parameter #1</th></tr><tr class="param stripe"><td>TC_001 - Copy</td></tr><tr><th>Messages</th></tr><tr><td><div class="messages">STEP11<br/>STEP12<br/>STEP13<br/>STEP14<br/>STEP15<br/>STEP16<br/>STEP17<br/>STEP18<br/>STEP19</div></td></tr><tr><th>Exception</th></tr><tr><td><div class="stacktrace">org.openqa.selenium.NoSuchElementException: no such element
  (Session info: chrome=43.0.2357.130)
  (Driver info: chromedriver=2.14.313457 (3d645c400edf2e2c500566c9aa096063e707c9cf),platform=Windows NT 6.1 SP1 x86_64) (WARNING: The server did not provide any stacktrace information)
Command duration or timeout: 10.01 seconds
For documentation on this error, please visit: http://seleniumhq.org/exceptions/no_such_element.html
Build info: version: &apos;2.45.0&apos;, revision: &apos;5017cb8e7ca8e37638dc3091b2440b90a1d8686f&apos;, time: &apos;2015-02-27 09:10:26&apos;
System info: host: &apos;BaPs-PC&apos;, ip: &apos;192.168.1.10&apos;, os.name: &apos;Windows 7&apos;, os.arch: &apos;amd64&apos;, os.version: &apos;6.1&apos;, java.version: &apos;1.8.0_45&apos;
Driver info: org.openqa.selenium.chrome.ChromeDriver
Capabilities [{applicationCacheEnabled=false, rotatable=false, mobileEmulationEnabled=false, chrome={userDataDir=C:\Users\BaPs\AppData\Local\Temp\scoped_dir8692_10640}, takesHeapSnapshot=true, databaseEnabled=false, handlesAlerts=true, version=43.0.2357.130, platform=XP, browserConnectionEnabled=false, nativeEvents=true, acceptSslCerts=true, locationContextEnabled=true, webStorageEnabled=true, browserName=chrome, takesScreenshot=true, javascriptEnabled=true, cssSelectorsEnabled=true}]
Session ID: 9c18d09e7690515cb0b316dafc1fbd93
*** Element info: {Using=xpath, value=.//*[@id=&apos;content&apos;]/p[2]/span/font/b}
	at org.openqa.selenium.remote.ErrorHandler.createThrowable(ErrorHandler.java:204)
	at org.openqa.selenium.remote.ErrorHandler.throwIfResponseFailed(ErrorHandler.java:156)
	at org.openqa.selenium.remote.RemoteWebDriver.execute(RemoteWebDriver.java:599)
	at org.openqa.selenium.remote.RemoteWebDriver.findElement(RemoteWebDriver.java:352)
	at org.openqa.selenium.remote.RemoteWebDriver.findElementByXPath(RemoteWebDriver.java:449)
	at org.openqa.selenium.By$ByXPath.findElement(By.java:357)
	at org.openqa.selenium.remote.RemoteWebDriver.findElement(RemoteWebDriver.java:344)
	at com.babu.zadoqa.commands.LocatorBy.locateByXPath(LocatorBy.java:25)
	at com.babu.zadoqa.util.CommandUtils.findElement(CommandUtils.java:30)
	at com.babu.zadoqa.datadriver.TestCaseRunner.executeTestCase(TestCaseRunner.java:32)
	at TestNGClass.launchapp(TestNGClass.java:75)
	at ProgramTestNG.testRunner(ProgramTestNG.java:40)
	at ProgramTestNG.main(ProgramTestNG.java:49)
... Removed 25 stack frames</div></td></tr></table><p class="totop"><a href="#summary">back to summary</a></p><h3 id="m3">TestNGClass#launchapp</h3><table class="result"><tr class="param"><th>Parameter #1</th></tr><tr class="param stripe"><td>AlertTest</td></tr><tr><th>Messages</th></tr><tr><td><div class="messages">STEP1<br/>STEP2<br/>STEP3<br/>STEP4<br/>STEP5<br/>STEP6</div></td></tr></table><p class="totop"><a href="#summary">back to summary</a></p><h3 id="m4">TestNGClass#launchapp</h3><table class="result"><tr class="param"><th>Parameter #1</th></tr><tr class="param stripe"><td>TC_001</td></tr><tr><th>Messages</th></tr><tr><td><div class="messages">STEP38<br/>STEP39<br/>STEP40<br/>STEP41<br/>STEP42<br/>STEP43</div></td></tr></table><p class="totop"><a href="#summary">back to summary</a></p><h3 id="m5">TestNGClass#launchapp</h3><table class="result"><tr class="param"><th>Parameter #1</th></tr><tr class="param stripe"><td>Double Click</td></tr><tr><th>Messages</th></tr><tr><td><div class="messages">STEP54<br/>STEP55<br/>STEP56<br/>STEP57<br/>STEP58<br/>STEP59</div></td></tr></table><p class="totop"><a href="#summary">back to summary</a></p><h3 id="m6">TestNGClass#launchapp</h3><table class="result"><tr class="param"><th>Parameter #1</th></tr><tr class="param stripe"><td>TC_001</td></tr><tr><th>Messages</th></tr><tr><td><div class="messages">STEP7<br/>STEP8<br/>STEP9<br/>STEP10</div></td></tr></table><p class="totop"><a href="#summary">back to summary</a></p><h3 id="m7">TestNGClass#launchapp</h3><table class="result"><tr class="param"><th>Parameter #1</th></tr><tr class="param stripe"><td>Select</td></tr><tr><th>Messages</th></tr><tr><td><div class="messages">STEP60<br/>STEP61<br/>STEP62<br/>STEP63</div></td></tr></table><p class="totop"><a href="#summary">back to summary</a></p><h3 id="m8">TestNGClass#launchapp</h3><table class="result"><tr class="param"><th>Parameter #1</th></tr><tr class="param stripe"><td>GetAttribute</td></tr><tr><th>Messages</th></tr><tr><td><div class="messages">STEP44<br/>STEP45<br/>STEP46<br/>STEP47<br/>STEP48<br/>STEP49<br/>STEP50<br/>STEP51<br/>STEP52<br/>STEP53</div></td></tr></table><p class="totop"><a href="#summary">back to summary</a></p></body></html>